{"D:\\Syf2\\Treehouse Nauka\\Selenium Javascript Jest\\my-project\\pages\\base_page.js": {"path":"D:\\Syf2\\Treehouse Nauka\\Selenium Javascript Jest\\my-project\\pages\\base_page.js","statementMap":{"0":{"start":{"line":1,"column":36},"end":{"line":1,"column":65}},"1":{"start":{"line":4,"column":15},"end":{"line":4,"column":57}},"2":{"start":{"line":5,"column":0},"end":{"line":5,"column":49}},"3":{"start":{"line":9,"column":4},"end":{"line":9,"column":27}},"4":{"start":{"line":12,"column":4},"end":{"line":12,"column":23}},"5":{"start":{"line":16,"column":0},"end":{"line":16,"column":26}}},"fnMap":{"0":{"name":"(anonymous_0)","decl":{"start":{"line":8,"column":2},"end":{"line":8,"column":3}},"loc":{"start":{"line":8,"column":16},"end":{"line":10,"column":3}},"line":8},"1":{"name":"(anonymous_1)","decl":{"start":{"line":11,"column":2},"end":{"line":11,"column":3}},"loc":{"start":{"line":11,"column":20},"end":{"line":13,"column":3}},"line":11}},"branchMap":{},"s":{"0":1,"1":1,"2":1,"3":1,"4":1,"5":1},"f":{"0":1,"1":1},"b":{},"_coverageSchema":"1a1c01bbd47fc00a2c39e90264f33305004495a9","hash":"bf92b19afee627d03f18073b5e6f15c40209687b"}
}
